============================= test session starts =============================
platform win32 -- Python 3.14.7, pytest-8.4.2, pluggy-1.6.0 -- F:\operational_coding_twin\.venv\Scripts\python.exe
cachedir: .pytest_cache
rootdir: F:\operational_coding_twin
configfile: pyproject.toml
plugins: anyio-4.14.2, cov-6.3.0
collecting ... collected 227 items

tests/test_digital_twin.py::test_initial_state_transition_contract PASSED [  0%]
tests/test_digital_twin.py::test_preprocessed_can_only_progress_to_prediction_or_error PASSED [  0%]
tests/test_digital_twin.py::test_predicted_can_progress_to_explanation PASSED [  1%]
tests/test_digital_twin.py::test_explained_can_progress_to_human_review PASSED [  1%]
tests/test_digital_twin.py::test_review_state_allows_three_decisions PASSED [  2%]
tests/test_digital_twin.py::test_review_outcomes_can_complete PASSED     [  2%]
tests/test_digital_twin.py::test_completed_is_terminal PASSED            [  3%]
tests/test_digital_twin.py::test_error_is_terminal PASSED                [  3%]
tests/test_digital_twin.py::test_ingest_creates_case PASSED              [  3%]
tests/test_digital_twin.py::test_ingest_persists_case PASSED             [  4%]
tests/test_digital_twin.py::test_duplicate_case_id_is_blocked PASSED     [  4%]
tests/test_digital_twin.py::test_invalid_source_mode_is_blocked PASSED   [  5%]
tests/test_digital_twin.py::test_short_synthetic_text_is_blocked PASSED  [  5%]
tests/test_digital_twin.py::test_case_governance_disables_automatic_acceptance PASSED [  6%]
tests/test_digital_twin.py::test_case_governance_requires_human_review PASSED [  6%]
tests/test_digital_twin.py::test_valid_workflow_reaches_review PASSED    [  7%]
tests/test_digital_twin.py::test_prediction_is_persisted PASSED          [  7%]
tests/test_digital_twin.py::test_explanation_is_persisted PASSED         [  7%]
tests/test_digital_twin.py::test_prediction_cannot_be_attached_before_preprocessing PASSED [  8%]
tests/test_digital_twin.py::test_explanation_cannot_be_attached_before_prediction PASSED [  8%]
tests/test_digital_twin.py::test_case_cannot_be_sent_to_review_before_explanation PASSED [  9%]
tests/test_digital_twin.py::test_ingested_case_cannot_complete PASSED    [  9%]
tests/test_digital_twin.py::test_review_pending_case_cannot_complete PASSED [ 10%]
tests/test_digital_twin.py::test_accept_path PASSED                      [ 10%]
tests/test_digital_twin.py::test_accepted_case_can_complete PASSED       [ 11%]
tests/test_digital_twin.py::test_reject_path PASSED                      [ 11%]
tests/test_digital_twin.py::test_rejected_case_can_complete PASSED       [ 11%]
tests/test_digital_twin.py::test_amend_path PASSED                       [ 12%]
tests/test_digital_twin.py::test_amended_case_can_complete PASSED        [ 12%]
tests/test_digital_twin.py::test_missing_reviewer_identity_is_blocked PASSED [ 13%]
tests/test_digital_twin.py::test_whitespace_reviewer_identity_is_blocked PASSED [ 13%]
tests/test_digital_twin.py::test_missing_review_reason_is_blocked PASSED [ 14%]
tests/test_digital_twin.py::test_invalid_review_decision_is_blocked PASSED [ 14%]
tests/test_digital_twin.py::test_amend_requires_category PASSED          [ 14%]
tests/test_digital_twin.py::test_invalid_amended_category_is_blocked PASSED [ 15%]
tests/test_digital_twin.py::test_amend_to_same_model_category_is_blocked PASSED [ 15%]
tests/test_digital_twin.py::test_accept_cannot_include_amended_category PASSED [ 16%]
tests/test_digital_twin.py::test_reject_cannot_include_amended_category PASSED [ 16%]
tests/test_digital_twin.py::test_prediction_outside_label_space_is_blocked PASSED [ 17%]
tests/test_digital_twin.py::test_prediction_requires_exactly_three_ranked_categories PASSED [ 17%]
tests/test_digital_twin.py::test_explanation_must_match_prediction PASSED [ 18%]
tests/test_digital_twin.py::test_explanation_requires_50_steps PASSED    [ 18%]
tests/test_digital_twin.py::test_case_can_enter_error_state PASSED       [ 18%]
tests/test_digital_twin.py::test_error_description_is_required PASSED    [ 19%]
tests/test_digital_twin.py::test_error_state_is_terminal PASSED          [ 19%]
tests/test_digital_twin.py::test_completed_case_cannot_fail PASSED       [ 20%]
tests/test_digital_twin.py::test_completed_case_cannot_complete_twice PASSED [ 20%]
tests/test_digital_twin.py::test_completed_human_review_is_persisted PASSED [ 21%]
tests/test_digital_twin.py::test_full_workflow_audit_chain_passes PASSED [ 21%]
tests/test_digital_twin.py::test_completed_case_has_expected_audit_actions PASSED [ 22%]
tests/test_digital_twin.py::test_invalid_transition_is_audited PASSED    [ 22%]
tests/test_digital_twin.py::test_twin_exposes_no_auto_accept_method PASSED [ 22%]
tests/test_digital_twin.py::test_high_confidence_does_not_bypass_review PASSED [ 23%]
tests/test_explainability.py::test_xai_uses_frozen_max_length PASSED     [ 23%]
tests/test_explainability.py::test_xai_uses_exactly_50_steps PASSED      [ 24%]
tests/test_explainability.py::test_xai_rejects_non_frozen_step_count PASSED [ 24%]
tests/test_explainability.py::test_xai_requires_positive_top_k PASSED    [ 25%]
tests/test_explainability.py::test_xai_model_is_eval_mode PASSED         [ 25%]
tests/test_explainability.py::test_xai_uses_bert_embedding_layer PASSED  [ 25%]
tests/test_explainability.py::test_pad_content_baseline_preserves_special_tokens PASSED [ 26%]
tests/test_explainability.py::test_pad_content_baseline_has_explainable_tokens PASSED [ 26%]
tests/test_explainability.py::test_fresh_xai_targets_predicted_class PASSED [ 27%]
tests/test_explainability.py::test_fresh_xai_rejects_replay_prediction PASSED [ 27%]
tests/test_explainability.py::test_fresh_xai_rejects_category_id_mismatch PASSED [ 28%]
tests/test_explainability.py::test_fresh_explanation_returns_expected_type PASSED [ 28%]
tests/test_explainability.py::test_fresh_explanation_target_matches_prediction PASSED [ 29%]
tests/test_explainability.py::test_fresh_explanation_method_is_lig PASSED [ 29%]
tests/test_explainability.py::test_fresh_explanation_uses_50_steps PASSED [ 29%]
tests/test_explainability.py::test_fresh_explanation_records_pad_baseline PASSED [ 30%]
tests/test_explainability.py::test_fresh_explanation_mode PASSED         [ 30%]
tests/test_explainability.py::test_fresh_explanation_contains_warning PASSED [ 31%]
tests/test_explainability.py::test_explanation_warning_is_non_causal PASSED [ 31%]
tests/test_explainability.py::test_fresh_explanation_contains_token_attributions PASSED [ 32%]
tests/test_explainability.py::test_fresh_attributions_have_valid_positions PASSED [ 32%]
tests/test_explainability.py::test_fresh_attributions_are_finite PASSED  [ 33%]
tests/test_explainability.py::test_fresh_evidence_contains_only_positive_support PASSED [ 33%]
tests/test_explainability.py::test_fresh_evidence_respects_top_k PASSED  [ 33%]
tests/test_explainability.py::test_fresh_evidence_sorted_by_support PASSED [ 34%]
tests/test_explainability.py::test_token_attribution_objects_are_typed PASSED [ 34%]
tests/test_explainability.py::test_convergence_delta_is_finite_when_available PASSED [ 35%]
tests/test_explainability.py::test_model_remains_eval_after_lig PASSED   [ 35%]
tests/test_explainability.py::test_replay_explanation_type PASSED        [ 36%]
tests/test_explainability.py::test_replay_explanation_mode PASSED        [ 36%]
tests/test_explainability.py::test_replay_explanation_method PASSED      [ 37%]
tests/test_explainability.py::test_replay_explanation_uses_50_steps PASSED [ 37%]
tests/test_explainability.py::test_replay_explanation_matches_prediction PASSED [ 37%]
tests/test_explainability.py::test_replay_explanation_has_warning PASSED [ 38%]
tests/test_explainability.py::test_replay_evidence_is_list PASSED        [ 38%]
tests/test_explainability.py::test_replay_evidence_items_are_typed PASSED [ 39%]
tests/test_explainability.py::test_replay_does_not_claim_full_token_table PASSED [ 39%]
tests/test_explainability.py::test_replay_does_not_invent_convergence_delta PASSED [ 40%]
tests/test_explainability.py::test_replay_rejects_non_sample_validation_row PASSED [ 40%]
tests/test_explainability.py::test_replay_xai_does_not_run_new_captum_attribution PASSED [ 40%]
tests/test_explainability.py::test_all_frozen_replay_explanations_are_accessible PASSED [ 41%]
tests/test_explainability.py::test_explanation_result_contains_no_acceptance_field PASSED [ 41%]
tests/test_foundation.py::test_project_root_exists PASSED                [ 42%]
tests/test_foundation.py::test_project_root_is_expected_repository PASSED [ 42%]
tests/test_foundation.py::test_artifact_directories_are_under_project_root PASSED [ 43%]
tests/test_foundation.py::test_runtime_directories_exist PASSED          [ 43%]
tests/test_foundation.py::test_frozen_temperature_constant PASSED        [ 44%]
tests/test_foundation.py::test_model_reference_is_frozen_seed42 PASSED   [ 44%]
tests/test_foundation.py::test_calibrator_reference_is_phase8 PASSED     [ 44%]
tests/test_foundation.py::test_claims_reference_is_phase10 PASSED        [ 45%]
tests/test_foundation.py::test_confidence_warning_is_not_clinical_probability PASSED [ 45%]
tests/test_foundation.py::test_explanation_warning_is_non_causal PASSED  [ 46%]
tests/test_foundation.py::test_case_store_save_and_load PASSED           [ 46%]
tests/test_foundation.py::test_case_store_exists PASSED                  [ 47%]
tests/test_foundation.py::test_case_store_unknown_case_raises PASSED     [ 47%]
tests/test_foundation.py::test_case_store_payload_id_must_match PASSED   [ 48%]
tests/test_foundation.py::test_case_store_list_all PASSED                [ 48%]
tests/test_foundation.py::test_case_store_count PASSED                   [ 48%]
tests/test_foundation.py::test_audit_append_and_verify PASSED            [ 49%]
tests/test_foundation.py::test_audit_chain_links_events PASSED           [ 49%]
tests/test_foundation.py::test_audit_filter_by_case PASSED               [ 50%]
tests/test_foundation.py::test_audit_requires_case_id PASSED             [ 50%]
tests/test_foundation.py::test_audit_requires_actor PASSED               [ 51%]
tests/test_foundation.py::test_audit_requires_reason PASSED              [ 51%]
tests/test_foundation.py::test_audit_detects_tampering PASSED            [ 51%]
tests/test_frozen_resources.py::test_all_required_frozen_files_exist PASSED [ 52%]
tests/test_frozen_resources.py::test_model_weights_are_not_empty PASSED  [ 52%]
tests/test_frozen_resources.py::test_probability_file_is_not_empty PASSED [ 53%]
tests/test_frozen_resources.py::test_label_mapping_contains_50_categories PASSED [ 53%]
tests/test_frozen_resources.py::test_label_mapping_class_ids_are_zero_to_49 PASSED [ 54%]
tests/test_frozen_resources.py::test_label_mapping_is_bidirectionally_consistent PASSED [ 54%]
tests/test_frozen_resources.py::test_model_config_is_bert_sequence_classifier PASSED [ 55%]
tests/test_frozen_resources.py::test_temperature_matches_frozen_phase8b_value PASSED [ 55%]
tests/test_frozen_resources.py::test_calibration_was_validation_only PASSED [ 55%]
tests/test_frozen_resources.py::test_temperature_scaling_did_not_change_classes PASSED [ 56%]
tests/test_frozen_resources.py::test_replay_sample_contains_exactly_100_rows PASSED [ 56%]
tests/test_frozen_resources.py::test_replay_sample_required_columns_exist PASSED [ 57%]
tests/test_frozen_resources.py::test_replay_sample_has_unique_validation_rows PASSED [ 57%]
tests/test_frozen_resources.py::test_replay_sample_has_unique_sample_ranks PASSED [ 58%]
tests/test_frozen_resources.py::test_replay_rows_are_inside_validation_range PASSED [ 58%]
tests/test_frozen_resources.py::test_replay_true_class_ids_are_inside_label_space PASSED [ 59%]
tests/test_frozen_resources.py::test_calibrated_probability_shape PASSED [ 59%]
tests/test_frozen_resources.py::test_calibrated_probabilities_are_finite PASSED [ 59%]
tests/test_frozen_resources.py::test_calibrated_probabilities_are_valid_range PASSED [ 60%]
tests/test_frozen_resources.py::test_calibrated_probability_rows_sum_to_one PASSED [ 60%]
tests/test_frozen_resources.py::test_lig_cases_contains_exactly_100_rows PASSED [ 61%]
tests/test_frozen_resources.py::test_lig_required_columns_exist PASSED   [ 61%]
tests/test_frozen_resources.py::test_lig_uses_exactly_50_steps PASSED    [ 62%]
tests/test_frozen_resources.py::test_lig_and_replay_sample_cover_same_validation_rows PASSED [ 62%]
tests/test_frozen_resources.py::test_lig_top_support_tokens_are_valid_json_lists PASSED [ 62%]
tests/test_frozen_resources.py::test_claims_prohibit_automatic_acceptance PASSED [ 63%]
tests/test_frozen_resources.py::test_claims_require_human_review PASSED  [ 63%]
tests/test_frozen_resources.py::test_provenance_file_is_readable_json PASSED [ 64%]
tests/test_frozen_resources.py::test_application_paths_do_not_reference_phase9 PASSED [ 64%]
tests/test_frozen_resources.py::test_frozen_resource_loader_returns_50_labels PASSED [ 65%]
tests/test_frozen_resources.py::test_frozen_resource_loader_temperature PASSED [ 65%]
tests/test_frozen_resources.py::test_frozen_resource_loader_replay_shapes PASSED [ 66%]
tests/test_frozen_resources.py::test_frozen_model_is_eval_mode PASSED    [ 66%]
tests/test_frozen_resources.py::test_frozen_model_has_50_output_labels PASSED [ 66%]
tests/test_governance.py::test_runtime_artifacts_are_separate_from_runtime_cases PASSED [ 67%]
tests/test_governance.py::test_runtime_directories_are_not_inside_model_directory PASSED [ 67%]
tests/test_governance.py::test_model_reference_points_to_canonical_seed42 PASSED [ 68%]
tests/test_governance.py::test_calibrator_reference_points_to_phase8b PASSED [ 68%]
tests/test_governance.py::test_claims_reference_points_to_phase10 PASSED [ 69%]
tests/test_governance.py::test_final_claims_freeze_exists PASSED         [ 69%]
tests/test_governance.py::test_final_claims_freeze_requires_human_review PASSED [ 70%]
tests/test_governance.py::test_final_claims_freeze_disables_automatic_acceptance PASSED [ 70%]
tests/test_governance.py::test_confidence_warning_does_not_claim_coding_correctness PASSED [ 70%]
tests/test_governance.py::test_confidence_warning_does_not_claim_clinical_safety PASSED [ 71%]
tests/test_governance.py::test_explanation_warning_rejects_causal_interpretation PASSED [ 71%]
tests/test_governance.py::test_model_cannot_transition_directly_to_acceptance PASSED [ 72%]
tests/test_governance.py::test_explanation_cannot_transition_directly_to_acceptance PASSED [ 72%]
tests/test_governance.py::test_only_human_review_state_reaches_review_decisions PASSED [ 73%]
tests/test_governance.py::test_review_outcomes_require_explicit_completion PASSED [ 73%]
tests/test_governance.py::test_completed_state_is_terminal PASSED        [ 74%]
tests/test_governance.py::test_error_state_is_terminal PASSED            [ 74%]
tests/test_governance.py::test_application_source_exists PASSED          [ 74%]
tests/test_governance.py::test_application_identifies_synthetic_demo_scope PASSED [ 75%]
tests/test_governance.py::test_application_exposes_human_review PASSED   [ 75%]
tests/test_governance.py::test_application_exposes_accept_reject_amend PASSED [ 76%]
tests/test_governance.py::test_runtime_artifact_paths_do_not_point_to_phase9 PASSED [ 76%]
tests/test_governance.py::test_replay_filename_is_validation_scoped PASSED [ 77%]
tests/test_governance.py::test_app_does_not_contain_training_call PASSED [ 77%]
tests/test_governance.py::test_app_does_not_expose_threshold_based_acceptance PASSED [ 77%]
tests/test_governance.py::test_required_runtime_directories_exist PASSED [ 78%]
tests/test_inference.py::test_inference_service_uses_frozen_max_length PASSED [ 78%]
tests/test_inference.py::test_inference_service_uses_50_labels PASSED    [ 79%]
tests/test_inference.py::test_inference_service_uses_frozen_temperature PASSED [ 79%]
tests/test_inference.py::test_model_is_in_eval_mode PASSED               [ 80%]
tests/test_inference.py::test_none_text_is_rejected PASSED               [ 80%]
tests/test_inference.py::test_empty_text_is_rejected PASSED              [ 81%]
tests/test_inference.py::test_whitespace_only_text_is_rejected PASSED    [ 81%]
tests/test_inference.py::test_too_short_text_is_rejected PASSED          [ 81%]
tests/test_inference.py::test_excessively_long_text_is_rejected PASSED   [ 82%]
tests/test_inference.py::test_fresh_prediction_returns_expected_type PASSED [ 82%]
tests/test_inference.py::test_fresh_prediction_mode PASSED               [ 83%]
tests/test_inference.py::test_fresh_prediction_is_in_frozen_label_space PASSED [ 83%]
tests/test_inference.py::test_fresh_prediction_class_id_is_valid PASSED  [ 84%]
tests/test_inference.py::test_fresh_prediction_label_matches_class_id PASSED [ 84%]
tests/test_inference.py::test_fresh_prediction_has_exactly_top3 PASSED   [ 85%]
tests/test_inference.py::test_top3_items_are_ranked_prediction_objects PASSED [ 85%]
tests/test_inference.py::test_top3_ranks_are_one_two_three PASSED        [ 85%]
tests/test_inference.py::test_top3_categories_are_unique PASSED          [ 86%]
tests/test_inference.py::test_top3_categories_are_in_frozen_space PASSED [ 86%]
tests/test_inference.py::test_top3_probabilities_are_descending PASSED   [ 87%]
tests/test_inference.py::test_top3_probabilities_are_valid PASSED        [ 87%]
tests/test_inference.py::test_top1_matches_recommendation PASSED         [ 88%]
tests/test_inference.py::test_calibrated_confidence_matches_top1 PASSED  [ 88%]
tests/test_inference.py::test_fresh_calibrated_confidence_is_valid PASSED [ 88%]
tests/test_inference.py::test_fresh_raw_confidence_is_valid PASSED       [ 89%]
tests/test_inference.py::test_fresh_prediction_records_temperature PASSED [ 89%]
tests/test_inference.py::test_fresh_prediction_records_token_count PASSED [ 90%]
tests/test_inference.py::test_short_synthetic_note_not_truncated PASSED  [ 90%]
tests/test_inference.py::test_model_remains_eval_after_prediction PASSED [ 91%]
tests/test_inference.py::test_calibrated_and_raw_confidence_are_not_assumed_equal PASSED [ 91%]
tests/test_inference.py::test_replay_returns_prediction_result PASSED    [ 92%]
tests/test_inference.py::test_replay_mode_is_correct PASSED              [ 92%]
tests/test_inference.py::test_replay_has_exactly_top3 PASSED             [ 92%]
tests/test_inference.py::test_replay_top3_is_descending PASSED           [ 93%]
tests/test_inference.py::test_replay_recommendation_is_top1 PASSED       [ 93%]
tests/test_inference.py::test_replay_confidence_matches_top1 PASSED      [ 94%]
tests/test_inference.py::test_replay_prediction_is_in_label_space PASSED [ 94%]
tests/test_inference.py::test_replay_class_id_matches_label PASSED       [ 95%]
tests/test_inference.py::test_replay_uses_frozen_temperature PASSED      [ 95%]
tests/test_inference.py::test_replay_raw_confidence_is_unavailable PASSED [ 96%]
tests/test_inference.py::test_replay_does_not_claim_input_token_count PASSED [ 96%]
tests/test_inference.py::test_replay_top1_matches_saved_probability_matrix PASSED [ 96%]
tests/test_inference.py::test_replay_confidence_matches_saved_matrix PASSED [ 97%]
tests/test_inference.py::test_replay_rejects_negative_row PASSED         [ 97%]
tests/test_inference.py::test_replay_rejects_row_375 PASSED              [ 98%]
tests/test_inference.py::test_replay_rejects_validation_row_not_in_frozen_sample PASSED [ 98%]
tests/test_inference.py::test_every_frozen_sample_row_is_permitted PASSED [ 99%]
tests/test_inference.py::test_replay_does_not_call_bioclinicalbert_forward PASSED [ 99%]
tests/test_inference.py::test_prediction_result_contains_no_accept_field PASSED [100%]

============================ 227 passed in 25.31s =============================
